<?xml version="1.0" encoding="UTF-8"?>
<!-- Generated by org.testng.reporters.JUnitReportReporter -->
<testsuite hostname="Uncodemy" failures="0" tests="3" name="Sajid.Mavenproject.Practise" time="0.020" errors="0" timestamp="2023-09-16T15:56:20 IST" skipped="0">
  <testcase classname="Sajid.Mavenproject.Practise" name="testMethod2" time="0.002"/>
  <testcase classname="Sajid.Mavenproject.Practise" name="testMethod1" time="0.003"/>
  <testcase classname="Sajid.Mavenproject.Practise" name="testMethod" time="0.015"/>
</testsuite> <!-- Sajid.Mavenproject.Practise -->
